  laundry.cpp
C:\Users\hwang\source\repos\laundry1\laundry\laundry.cpp(326,13): error C2027: use of undefined type 'Laundry'
      C:\Users\hwang\source\repos\laundry1\laundry\laundry.cpp(50,7):
      see declaration of 'Laundry'
  
C:\Users\hwang\source\repos\laundry1\laundry\laundry.cpp(327,13): error C2027: use of undefined type 'Laundry'
      C:\Users\hwang\source\repos\laundry1\laundry\laundry.cpp(50,7):
      see declaration of 'Laundry'
  
C:\Users\hwang\source\repos\laundry1\laundry\laundry.cpp(752,72): warning C4267: 'argument': conversion from 'size_t' to '_Ty', possible loss of data
C:\Users\hwang\source\repos\laundry1\laundry\laundry.cpp(752,72): warning C4267:         with
C:\Users\hwang\source\repos\laundry1\laundry\laundry.cpp(752,72): warning C4267:         [
C:\Users\hwang\source\repos\laundry1\laundry\laundry.cpp(752,72): warning C4267:             _Ty=int
C:\Users\hwang\source\repos\laundry1\laundry\laundry.cpp(752,72): warning C4267:         ]
C:\Users\hwang\source\repos\laundry1\laundry\laundry.cpp(1192,15): warning C4244: 'argument': conversion from 'time_t' to 'unsigned int', possible loss of data
